2024-09-05T21:46:51.408Z [ERROR]: Error connecting to redisClient connect ECONNREFUSED ::1:6379
2024-09-05T21:46:51.427Z [ERROR]: Error connecting to redisClient connect ECONNREFUSED ::1:6379
2024-09-05T21:46:51.488Z [ERROR]: Error connecting to redisClient connect ECONNREFUSED ::1:6379
2024-09-05T21:46:51.606Z [ERROR]: Error connecting to redisClient connect ECONNREFUSED ::1:6379
2024-09-05T21:46:51.769Z [ERROR]: Error connecting to redisClient connect ECONNREFUSED ::1:6379
2024-09-05T21:46:51.987Z [ERROR]: Error connecting to redisClient connect ECONNREFUSED ::1:6379
2024-09-05T21:46:52.252Z [ERROR]: Error connecting to redisClient connect ECONNREFUSED ::1:6379
2024-09-05T21:46:52.563Z [ERROR]: Error connecting to redisClient connect ECONNREFUSED ::1:6379
2024-09-05T21:46:52.920Z [ERROR]: Error connecting to redisClient connect ECONNREFUSED ::1:6379
2024-09-05T21:46:53.325Z [ERROR]: Error connecting to redisClient connect ECONNREFUSED ::1:6379
2024-09-05T21:46:53.782Z [ERROR]: Error connecting to redisClient connect ECONNREFUSED ::1:6379
2024-09-05T21:46:54.299Z [ERROR]: Error connecting to redisClient connect ECONNREFUSED ::1:6379
2024-09-05T21:46:54.816Z [ERROR]: Error connecting to redisClient connect ECONNREFUSED ::1:6379
2024-09-05T21:46:55.330Z [ERROR]: Error connecting to redisClient connect ECONNREFUSED ::1:6379
2024-09-05T21:46:55.843Z [ERROR]: Error connecting to redisClient connect ECONNREFUSED ::1:6379
2024-09-05T21:46:56.360Z [ERROR]: Error connecting to redisClient connect ECONNREFUSED ::1:6379
2024-09-05T21:46:56.862Z [ERROR]: Error connecting to redisClient connect ECONNREFUSED ::1:6379
2024-09-05T21:46:57.443Z [ERROR]: Error connecting to redisClient connect ECONNREFUSED ::1:6379
2024-09-05T21:46:57.956Z [ERROR]: Error connecting to redisClient connect ECONNREFUSED ::1:6379
2024-09-05T21:46:58.473Z [ERROR]: Error connecting to redisClient connect ECONNREFUSED ::1:6379
2024-09-05T21:46:58.983Z [ERROR]: Error connecting to redisClient connect ECONNREFUSED ::1:6379
2024-09-05T21:46:59.494Z [ERROR]: Error connecting to redisClient connect ECONNREFUSED ::1:6379
2024-09-05T21:47:00.008Z [ERROR]: Error connecting to redisClient connect ECONNREFUSED ::1:6379
2024-09-05T21:47:00.520Z [ERROR]: Error connecting to redisClient connect ECONNREFUSED ::1:6379
2024-09-05T21:47:01.037Z [ERROR]: Error connecting to redisClient connect ECONNREFUSED ::1:6379
2024-09-05T21:47:01.548Z [ERROR]: Error connecting to redisClient connect ECONNREFUSED ::1:6379
2024-09-05T21:47:02.066Z [ERROR]: Error connecting to redisClient connect ECONNREFUSED ::1:6379
2024-09-05T21:47:02.577Z [ERROR]: Error connecting to redisClient connect ECONNREFUSED ::1:6379
2024-09-05T21:47:03.095Z [ERROR]: Error connecting to redisClient connect ECONNREFUSED ::1:6379
2024-09-05T21:47:03.607Z [ERROR]: Error connecting to redisClient connect ECONNREFUSED ::1:6379
2024-09-05T21:47:04.123Z [ERROR]: Error connecting to redisClient connect ECONNREFUSED ::1:6379
2024-09-05T21:47:04.643Z [ERROR]: Error connecting to redisClient connect ECONNREFUSED ::1:6379
2024-09-05T21:47:05.195Z [ERROR]: Error connecting to redisClient connect ECONNREFUSED ::1:6379
2024-09-06T07:49:21.861Z [ERROR]: Request failed with status code 403
2024-09-06T07:49:21.898Z [ERROR]: This error occured on undefined 
 message:Request failed with status code 403 
 code:403
2024-09-06T07:50:01.162Z [ERROR]: Request failed with status code 403
2024-09-06T07:50:01.244Z [ERROR]: This error occured on undefined 
 message:Request failed with status code 403 
 code:403
2024-09-06T07:51:58.835Z [ERROR]: Request failed with status code 403
2024-09-06T07:51:58.888Z [ERROR]: This error occured on undefined 
 message:Request failed with status code 403 
 code:403
2024-09-06T07:54:35.704Z [ERROR]: Request failed with status code 400
2024-09-06T07:54:35.796Z [ERROR]: This error occured on undefined 
 message:Request failed with status code 400 
 code:400
2024-09-06T07:58:07.226Z [ERROR]: Request failed with status code 400
2024-09-06T07:58:07.286Z [ERROR]: This error occured on undefined 
 message:Request failed with status code 400 
 code:400
2024-09-06T07:59:00.610Z [ERROR]: Request failed with status code 400
2024-09-06T07:59:00.660Z [ERROR]: This error occured on undefined 
 message:Request failed with status code 400 
 code:400
2024-09-06T08:04:46.292Z [ERROR]: Request failed with status code 400
2024-09-06T08:04:46.347Z [ERROR]: This error occured on undefined 
 message:Request failed with status code 400 
 code:400
2024-09-06T08:09:46.039Z [ERROR]: Request failed with status code 400
2024-09-06T08:09:46.097Z [ERROR]: This error occured on undefined 
 message:Request failed with status code 400 
 code:400
2024-09-06T08:13:03.569Z [ERROR]: File not found, Please upload the required file.
2024-09-06T08:13:03.575Z [ERROR]: This error occured on undefined 
 message:File not found, Please upload the required file. 
 code:500
2024-09-06T08:15:21.148Z [ERROR]: fs is not defined
2024-09-06T08:15:21.165Z [ERROR]: This error occured on undefined 
 message:fs is not defined 
 code:500
2024-09-06T08:19:27.316Z [ERROR]: RequestInit: duplex option is required when sending a body.
2024-09-06T08:19:27.322Z [ERROR]: This error occured on undefined 
 message:RequestInit: duplex option is required when sending a body. 
 code:500
2024-09-06T10:42:42.607Z [ERROR]: Failed to connect to MongoDB: Could not connect to any servers in your MongoDB Atlas cluster. One common reason is that you're trying to access the database from an IP that isn't whitelisted. Make sure your current IP address is on your Atlas cluster's IP whitelist: https://www.mongodb.com/docs/atlas/security-whitelist/
